Homepage was accessed at 2026-04-25 13:06:05.268821 hours!
WARNING Homepage was accessed at 2026-04-25 13:14:38.774316 hours!
WARNING Homepage was accessed at 2026-04-25 13:14:41.403141 hours!
WARNING Homepage was accessed at 2026-04-25 13:14:43.202462 hours!
WARNING Homepage was accessed at 2026-04-25 13:14:44.272251 hours!
WARNING Homepage was accessed at 2026-04-25 13:22:59.864329 hours!
WARNING 2026-04-25 13:31:29,901 views 15732 2876 Homepage was accessed at 2026-04-25 13:31:29.901726 hours!
WARNING 2026-04-25 13:31:31,052 views 15732 2876 Homepage was accessed at 2026-04-25 13:31:31.052342 hours!
WARNING 2026-04-25 13:31:31,416 views 15732 2876 Homepage was accessed at 2026-04-25 13:31:31.416367 hours!
WARNING 2026-04-25 13:31:31,751 views 15732 2876 Homepage was accessed at 2026-04-25 13:31:31.751236 hours!
WARNING 2026-04-25 13:31:32,077 views 15732 2876 Homepage was accessed at 2026-04-25 13:31:32.077587 hours!
WARNING 2026-04-25 13:31:32,780 views 15732 2876 Homepage was accessed at 2026-04-25 13:31:32.780247 hours!
WARNING 2026-04-25 13:31:34,083 views 15732 2876 Homepage was accessed at 2026-04-25 13:31:34.083291 hours!
WARNING 2026-04-25 13:31:34,447 views 15732 2876 Homepage was accessed at 2026-04-25 13:31:34.447455 hours!
WARNING 2026-04-25 13:31:34,784 views 15732 2876 Homepage was accessed at 2026-04-25 13:31:34.784307 hours!
WARNING 2026-04-25 14:09:24,299 views 20864 1520 Homepage was accessed at 2026-04-25 14:09:24.299154 hours!
WARNING 2026-04-25 14:09:30,974 views 20864 1520 Homepage was accessed at 2026-04-25 14:09:30.974450 hours!
WARNING 2026-04-25 14:09:56,207 views 20864 1520 Homepage was accessed at 2026-04-25 14:09:56.207896 hours!
WARNING 2026-04-25 14:19:01,172 views 20864 17084 Homepage was accessed at 2026-04-25 14:19:01.172734 hours!
WARNING 2026-04-25 14:19:59,346 views 10560 16780 Homepage was accessed at 2026-04-25 14:19:59.346509 hours!
WARNING 2026-04-25 14:20:00,659 views 10560 16780 Homepage was accessed at 2026-04-25 14:20:00.659330 hours!
WARNING 2026-04-25 14:22:11,692 views 10560 16780 Homepage was accessed at 2026-04-25 14:22:11.692909 hours!
WARNING 2026-04-25 14:25:24,301 views 20368 10780 Homepage was accessed at 2026-04-25 14:25:24.301665 hours!
WARNING 2026-04-25 14:33:26,037 views 9788 11612 Homepage was accessed at 2026-04-25 14:33:26.037959 hours!
WARNING 2026-04-28 14:17:48,128 log 9 130774775132928 Not Found: /favicon.ico
WARNING 2026-04-28 15:24:33,528 log 9 128182028419840 Not Found: /static/admin/css/base.css
WARNING 2026-04-28 15:24:33,557 log 9 128182028419840 Not Found: /static/admin/css/dark_mode.css
WARNING 2026-04-28 15:24:33,583 log 9 128182028419840 Not Found: /static/admin/css/nav_sidebar.css
WARNING 2026-04-28 15:24:33,607 log 9 128182028419840 Not Found: /static/admin/css/login.css
WARNING 2026-04-28 15:24:33,627 log 9 128182028419840 Not Found: /static/admin/css/responsive.css
WARNING 2026-04-28 15:24:33,652 log 9 128182028419840 Not Found: /static/admin/js/theme.js
WARNING 2026-04-28 15:24:33,678 log 9 128182028419840 Not Found: /static/admin/js/nav_sidebar.js
WARNING 2026-04-28 15:24:33,732 log 9 128182028419840 Not Found: /favicon.ico
